<?xml version="1.0" encoding="UTF-8"?>
<!-- Generated by org.testng.reporters.JUnitXMLReporter -->
<testsuite ignored="0" hostname="DIVRAJ-2004" failures="2" tests="4" name="Test" time="40.498" errors="0" timestamp="2025-04-07T13:07:59 IST">
  <testcase classname="io.cucumber.testng.AbstractTestNGCucumberTests" name="runScenario" time="14.946">
    <failure type="java.lang.AssertionError" message="expected [] but found [Thank you for signing up! A verification email has been sent. We appreciate your interest.]">
      <![CDATA[java.lang.AssertionError: expected [] but found [Thank you for signing up! A verification email has been sent. We appreciate your interest.]
at definition.newsstepdef.user_should_see_the_thank_you_message(newsstepdef.java:40)
at ✽.user should see the Thank you message(file:///C:/Users/Lenovo/git/repository10/DemowebShop/src/test/resources/feature/Newsletter.feature:11)
... Removed 6 stack frames]]>
    </failure>
  </testcase> <!-- runScenario -->
  <testcase classname="io.cucumber.testng.AbstractTestNGCucumberTests" name="runScenario" time="2.271">
    <failure type="java.lang.AssertionError" message="expected [] but found [Enter valid email]">
      <![CDATA[java.lang.AssertionError: expected [] but found [Enter valid email]
at definition.newsstepdef.user_should_see_the_message_as_enter_valid_email(newsstepdef.java:59)
at ✽.user should see the message as enter valid email(file:///C:/Users/Lenovo/git/repository10/DemowebShop/src/test/resources/feature/Newsletter.feature:18)
... Removed 6 stack frames]]>
    </failure>
  </testcase> <!-- runScenario -->
  <testcase classname="io.cucumber.testng.AbstractTestNGCucumberTests" name="runScenario" time="9.527"/>
  <testcase classname="io.cucumber.testng.AbstractTestNGCucumberTests" name="runScenario" time="6.376"/>
</testsuite> <!-- Test -->
