<?xml version="1.0" encoding="UTF-8"?>
<testng-results ignored="0" total="5" passed="5" failed="0" skipped="0">
  <reporter-output>
  </reporter-output>
  <suite started-at="2025-04-07T16:51:44 IST" name="Default suite" finished-at="2025-04-07T16:52:23 IST" duration-ms="38722">
    <groups>
      <group name="cucumber">
        <method signature="AbstractTestNGCucumberTests.runScenario(io.cucumber.testng.PickleWrapper,io.cucumber.testng.FeatureWrapper)[pri:0, instance:runnerpack.WebRunner@6aaceffd]" name="runScenario" class="io.cucumber.testng.AbstractTestNGCucumberTests"/>
      </group> <!-- cucumber -->
    </groups>
    <test started-at="2025-04-07T16:51:44 IST" name="Default test" finished-at="2025-04-07T16:52:23 IST" duration-ms="38722">
      <class name="runnerpack.WebRunner">
        <test-method is-config="true" signature="setUpClass(org.testng.ITestContext)[pri:0, instance:runnerpack.WebRunner@6aaceffd]" started-at="2025-04-07T16:51:44 IST" name="setUpClass" finished-at="2025-04-07T16:51:47 IST" duration-ms="2355" status="PASS">
          <params>
            <param index="0">
              <value>
                <![CDATA[org.testng.TestRunner@65a80fdb]]>
              </value>
            </param>
          </params>
          <reporter-output>
          </reporter-output>
        </test-method> <!-- setUpClass -->
        <test-method signature="runScenario(io.cucumber.testng.PickleWrapper,io.cucumber.testng.FeatureWrapper)[pri:0, instance:runnerpack.WebRunner@6aaceffd]" started-at="2025-04-07T16:51:47 IST" name="runScenario" description="Runs Cucumber Scenarios" data-provider="scenarios" finished-at="2025-04-07T16:51:57 IST" duration-ms="10355" status="PASS">
          <params>
            <param index="0">
              <value>
                <![CDATA["To pass the valid email to the newsletter"]]>
              </value>
            </param>
            <param index="1">
              <value>
                <![CDATA["Pass the Email id for NewsLetter to get regular updates"]]>
              </value>
            </param>
          </params>
          <reporter-output>
          </reporter-output>
        </test-method> <!-- runScenario -->
        <test-method signature="runScenario(io.cucumber.testng.PickleWrapper,io.cucumber.testng.FeatureWrapper)[pri:0, instance:runnerpack.WebRunner@6aaceffd]" started-at="2025-04-07T16:51:57 IST" name="runScenario" description="Runs Cucumber Scenarios" data-provider="scenarios" finished-at="2025-04-07T16:51:59 IST" duration-ms="1705" status="PASS">
          <params>
            <param index="0">
              <value>
                <![CDATA["To pass the invalid email to the newsletter"]]>
              </value>
            </param>
            <param index="1">
              <value>
                <![CDATA["Pass the Email id for NewsLetter to get regular updates"]]>
              </value>
            </param>
          </params>
          <reporter-output>
          </reporter-output>
        </test-method> <!-- runScenario -->
        <test-method signature="runScenario(io.cucumber.testng.PickleWrapper,io.cucumber.testng.FeatureWrapper)[pri:0, instance:runnerpack.WebRunner@6aaceffd]" started-at="2025-04-07T16:51:59 IST" name="runScenario" description="Runs Cucumber Scenarios" data-provider="scenarios" finished-at="2025-04-07T16:52:07 IST" duration-ms="8540" status="PASS">
          <params>
            <param index="0">
              <value>
                <![CDATA["verify the product is added to cart by search field store"]]>
              </value>
            </param>
            <param index="1">
              <value>
                <![CDATA["add to cart the products in the Application"]]>
              </value>
            </param>
          </params>
          <reporter-output>
          </reporter-output>
        </test-method> <!-- runScenario -->
        <test-method signature="runScenario(io.cucumber.testng.PickleWrapper,io.cucumber.testng.FeatureWrapper)[pri:0, instance:runnerpack.WebRunner@6aaceffd]" started-at="2025-04-07T16:52:07 IST" name="runScenario" description="Runs Cucumber Scenarios" data-provider="scenarios" finished-at="2025-04-07T16:52:14 IST" duration-ms="6317" status="PASS">
          <params>
            <param index="0">
              <value>
                <![CDATA["Login to the DemoWebShop Application"]]>
              </value>
            </param>
            <param index="1">
              <value>
                <![CDATA["Automate the Login page of demowebshop application"]]>
              </value>
            </param>
          </params>
          <reporter-output>
          </reporter-output>
        </test-method> <!-- runScenario -->
        <test-method signature="runScenario(io.cucumber.testng.PickleWrapper,io.cucumber.testng.FeatureWrapper)[pri:0, instance:runnerpack.WebRunner@6aaceffd]" started-at="2025-04-07T16:52:14 IST" name="runScenario" description="Runs Cucumber Scenarios" data-provider="scenarios" finished-at="2025-04-07T16:52:16 IST" duration-ms="1776" status="PASS">
          <params>
            <param index="0">
              <value>
                <![CDATA["Login to the DemoWebShop Application"]]>
              </value>
            </param>
            <param index="1">
              <value>
                <![CDATA["Automate the Login page of demowebshop application"]]>
              </value>
            </param>
          </params>
          <reporter-output>
          </reporter-output>
        </test-method> <!-- runScenario -->
        <test-method is-config="true" signature="tearDownClass()[pri:0, instance:runnerpack.WebRunner@6aaceffd]" started-at="2025-04-07T16:52:16 IST" name="tearDownClass" finished-at="2025-04-07T16:52:23 IST" duration-ms="7507" status="PASS">
          <reporter-output>
          </reporter-output>
        </test-method> <!-- tearDownClass -->
      </class> <!-- runnerpack.WebRunner -->
    </test> <!-- Default test -->
  </suite> <!-- Default suite -->
</testng-results>
