<?xml version="1.0" encoding="UTF-8"?>
<testng-results ignored="0" total="5" passed="5" failed="0" skipped="0">
  <reporter-output>
  </reporter-output>
  <suite started-at="2025-04-07T19:53:07 IST" name="Default suite" finished-at="2025-04-07T19:53:43 IST" duration-ms="36276">
    <groups>
      <group name="cucumber">
        <method signature="AbstractTestNGCucumberTests.runScenario(io.cucumber.testng.PickleWrapper,io.cucumber.testng.FeatureWrapper)[pri:0, instance:runnerpack.WebRunner@6aaceffd]" name="runScenario" class="io.cucumber.testng.AbstractTestNGCucumberTests"/>
      </group> <!-- cucumber -->
    </groups>
    <test started-at="2025-04-07T19:53:07 IST" name="Default test" finished-at="2025-04-07T19:53:43 IST" duration-ms="36276">
      <class name="runnerpack.WebRunner">
        <test-method is-config="true" signature="setUpClass(org.testng.ITestContext)[pri:0, instance:runnerpack.WebRunner@6aaceffd]" started-at="2025-04-07T19:53:07 IST" name="setUpClass" finished-at="2025-04-07T19:53:09 IST" duration-ms="2009" status="PASS">
          <params>
            <param index="0">
              <value>
                <![CDATA[org.testng.TestRunner@5621a671]]>
              </value>
            </param>
          </params>
          <reporter-output>
          </reporter-output>
        </test-method> <!-- setUpClass -->
        <test-method signature="runScenario(io.cucumber.testng.PickleWrapper,io.cucumber.testng.FeatureWrapper)[pri:0, instance:runnerpack.WebRunner@6aaceffd]" started-at="2025-04-07T19:53:09 IST" name="runScenario" description="Runs Cucumber Scenarios" data-provider="scenarios" finished-at="2025-04-07T19:53:17 IST" duration-ms="8552" status="PASS">
          <params>
            <param index="0">
              <value>
                <![CDATA["To pass the valid email to the newsletter"]]>
              </value>
            </param>
            <param index="1">
              <value>
                <![CDATA["Pass the Email id for NewsLetter to get regular updates"]]>
              </value>
            </param>
          </params>
          <reporter-output>
          </reporter-output>
        </test-method> <!-- runScenario -->
        <test-method signature="runScenario(io.cucumber.testng.PickleWrapper,io.cucumber.testng.FeatureWrapper)[pri:0, instance:runnerpack.WebRunner@6aaceffd]" started-at="2025-04-07T19:53:17 IST" name="runScenario" description="Runs Cucumber Scenarios" data-provider="scenarios" finished-at="2025-04-07T19:53:19 IST" duration-ms="1869" status="PASS">
          <params>
            <param index="0">
              <value>
                <![CDATA["To pass the invalid email to the newsletter"]]>
              </value>
            </param>
            <param index="1">
              <value>
                <![CDATA["Pass the Email id for NewsLetter to get regular updates"]]>
              </value>
            </param>
          </params>
          <reporter-output>
          </reporter-output>
        </test-method> <!-- runScenario -->
        <test-method signature="runScenario(io.cucumber.testng.PickleWrapper,io.cucumber.testng.FeatureWrapper)[pri:0, instance:runnerpack.WebRunner@6aaceffd]" started-at="2025-04-07T19:53:19 IST" name="runScenario" description="Runs Cucumber Scenarios" data-provider="scenarios" finished-at="2025-04-07T19:53:27 IST" duration-ms="8018" status="PASS">
          <params>
            <param index="0">
              <value>
                <![CDATA["verify the product is added to cart by search field store"]]>
              </value>
            </param>
            <param index="1">
              <value>
                <![CDATA["add to cart the products in the Application"]]>
              </value>
            </param>
          </params>
          <reporter-output>
          </reporter-output>
        </test-method> <!-- runScenario -->
        <test-method signature="runScenario(io.cucumber.testng.PickleWrapper,io.cucumber.testng.FeatureWrapper)[pri:0, instance:runnerpack.WebRunner@6aaceffd]" started-at="2025-04-07T19:53:27 IST" name="runScenario" description="Runs Cucumber Scenarios" data-provider="scenarios" finished-at="2025-04-07T19:53:33 IST" duration-ms="6261" status="PASS">
          <params>
            <param index="0">
              <value>
                <![CDATA["Login to the DemoWebShop Application"]]>
              </value>
            </param>
            <param index="1">
              <value>
                <![CDATA["Automate the Login page of demowebshop application"]]>
              </value>
            </param>
          </params>
          <reporter-output>
          </reporter-output>
        </test-method> <!-- runScenario -->
        <test-method signature="runScenario(io.cucumber.testng.PickleWrapper,io.cucumber.testng.FeatureWrapper)[pri:0, instance:runnerpack.WebRunner@6aaceffd]" started-at="2025-04-07T19:53:33 IST" name="runScenario" description="Runs Cucumber Scenarios" data-provider="scenarios" finished-at="2025-04-07T19:53:35 IST" duration-ms="1875" status="PASS">
          <params>
            <param index="0">
              <value>
                <![CDATA["Login to the DemoWebShop Application"]]>
              </value>
            </param>
            <param index="1">
              <value>
                <![CDATA["Automate the Login page of demowebshop application"]]>
              </value>
            </param>
          </params>
          <reporter-output>
          </reporter-output>
        </test-method> <!-- runScenario -->
        <test-method is-config="true" signature="tearDownClass()[pri:0, instance:runnerpack.WebRunner@6aaceffd]" started-at="2025-04-07T19:53:35 IST" name="tearDownClass" finished-at="2025-04-07T19:53:43 IST" duration-ms="7495" status="PASS">
          <reporter-output>
          </reporter-output>
        </test-method> <!-- tearDownClass -->
      </class> <!-- runnerpack.WebRunner -->
    </test> <!-- Default test -->
  </suite> <!-- Default suite -->
</testng-results>
